2021-11-22 13:54:22,967  INFO [main] Base:32 - 
2021-11-22 13:54:29,869  INFO [main] Base:34 - Gifts Online - Send Unique, Unusual Gifts in India, Buy Gifts– Bigsmall.in
2021-11-22 13:54:29,889  INFO [main] Base:45 - Class Instantiated
2021-11-22 13:54:33,200  INFO [main] Base:48 - Clicked on Login
2021-11-22 13:54:33,584  INFO [main] Base:52 - UserName Entered
2021-11-22 13:54:34,051  INFO [main] Base:56 - Password Entered
2021-11-22 13:54:40,266  INFO [main] Base:60 - Clicked on Submit
2021-11-22 13:54:42,010  INFO [main] Base:95 - driver closed
2021-11-22 13:54:45,888  INFO [main] Base:38 - 
2021-11-22 13:54:53,497  INFO [main] Base:40 - Gifts Online - Send Unique, Unusual Gifts in India, Buy Gifts– Bigsmall.in
2021-11-22 13:54:53,513  INFO [main] Base:52 - Class Instantiated
2021-11-22 13:54:58,368  INFO [main] Base:55 - Clicked on the product diplayed
2021-11-22 13:54:59,222  INFO [main] Base:62 - Product added to the wishList
2021-11-22 13:54:59,531  INFO [main] Base:68 - Product added to the cart
2021-11-22 13:55:01,619  INFO [main] Base:74 - confirmation
2021-11-22 13:55:01,956  INFO [main] Base:79 - Displayed txt is:Receive updates on
WhatsApp
2021-11-22 13:55:02,098  INFO [main] Base:84 - Country Code Entered
2021-11-22 13:55:02,241  INFO [main] Base:88 - Phone Number Entered
2021-11-22 13:55:02,333  INFO [main] Base:92 - Clicked on submit
2021-11-22 13:55:11,236  INFO [main] Base:98 - Mail Entered:shubhampan1411@gmail.com
2021-11-22 13:55:11,522  INFO [main] Base:102 - First Name Entered:Shubham
2021-11-22 13:55:11,826  INFO [main] Base:106 - Last Name Entered:Pandey
2021-11-22 13:55:11,994  INFO [main] Base:110 - Address Entered:Sain Vihar
2021-11-22 13:55:12,193  INFO [main] Base:114 - Landmark Entered:Vijay Nagar
2021-11-22 13:55:12,358  INFO [main] Base:118 - City Entered:Ghaziabad
2021-11-22 13:55:12,510  INFO [main] Base:122 - India selected
2021-11-22 13:55:12,952  INFO [main] Base:126 - State selected
2021-11-22 13:55:13,281  INFO [main] Base:130 - PIN Code entered:
2021-11-22 13:55:13,697  INFO [main] Base:134 - Here is a Bug Website is takeing invalid phone Number:
2021-11-22 13:55:20,046  INFO [main] Base:138 - Clicked on continue
2021-11-22 13:55:20,820  INFO [main] Base:144 - Payment option Displayd
2021-11-22 13:55:21,193  INFO [main] Base:183 - driver closed
2021-11-22 13:55:24,950  INFO [main] Base:31 - 
2021-11-22 13:55:32,463  INFO [main] Base:33 - Gifts Online - Send Unique, Unusual Gifts in India, Buy Gifts– Bigsmall.in
2021-11-22 13:55:32,475  INFO [main] Base:42 - Class Instantiated
2021-11-22 13:55:36,840  INFO [main] Base:45 - Clicked on product:
2021-11-22 13:55:37,574  INFO [main] Base:49 - pincode entered:
2021-11-22 13:55:37,975  INFO [main] Base:56 - Operation done
2021-11-22 13:55:40,529  INFO [main] Base:60 - Correclty asserted
2021-11-22 13:55:40,530  INFO [main] Base:61 - COD Status is:Cash on Delivery is available.
2021-11-22 13:55:41,933  INFO [main] Base:77 - driver closed
2021-11-22 13:55:45,902  INFO [main] Base:31 - 
2021-11-22 13:55:53,062  INFO [main] Base:33 - Gifts Online - Send Unique, Unusual Gifts in India, Buy Gifts– Bigsmall.in
2021-11-22 13:55:53,067  INFO [main] Base:42 - Class Instantiated
2021-11-22 13:55:57,223  INFO [main] Base:46 - Clicked on Contact us:
2021-11-22 13:55:57,874  INFO [main] Base:51 - Name entered:
2021-11-22 13:55:58,056  INFO [main] Base:56 - mail Entered
2021-11-22 13:55:58,282  INFO [main] Base:60 - Message Entered
2021-11-22 13:56:02,481  INFO [main] Base:66 - submission done
2021-11-22 13:56:03,248  INFO [main] Base:101 - driver closed
2021-11-22 13:56:06,689  INFO [main] Base:34 - 
2021-11-22 13:56:14,082  INFO [main] Base:36 - Gifts Online - Send Unique, Unusual Gifts in India, Buy Gifts– Bigsmall.in
2021-11-22 13:56:14,088  INFO [main] Base:47 - Class Instantiated
2021-11-22 13:56:18,556  INFO [main] Base:50 - Clicked on Corporate Gifts
2021-11-22 13:56:19,039  INFO [main] Base:56 - Name Entered
2021-11-22 13:56:19,239  INFO [main] Base:60 - Mail Entered
2021-11-22 13:56:19,386  INFO [main] Base:64 - Here is Bug Because Site is taking invalid Phone Number
2021-11-22 13:56:19,713  INFO [main] Base:68 - Message Enterd
2021-11-22 13:56:24,195  INFO [main] Base:72 - Submitted
2021-11-22 13:56:24,670  INFO [main] Base:77 - Operation done
2021-11-22 13:56:24,962  INFO [main] Base:89 - driver closed
2021-11-22 13:56:28,546  INFO [main] Base:31 - 
2021-11-22 13:56:35,915  INFO [main] Base:33 - Gifts Online - Send Unique, Unusual Gifts in India, Buy Gifts– Bigsmall.in
2021-11-22 13:56:35,929  INFO [main] Base:42 - Class Instantiated
2021-11-22 13:56:40,414  INFO [main] Base:50 - Number of Product availables:48
2021-11-22 13:56:40,620  INFO [main] Base:56 - Available products:Harry Potter Hedwig Post Cards - Pack of 5
Rs. 299
2021-11-22 13:56:40,817  INFO [main] Base:56 - Available products:Cruiser Mechanical Model Kit
Rs. 2,230
2021-11-22 13:56:40,987  INFO [main] Base:56 - Available products:Retro Car 3D Mechanical Puzzle
Rs. 5,349
2021-11-22 13:56:41,093  INFO [main] Base:56 - Available products:Animal Plush Gel Eye Mask
Rs. 399
2021-11-22 13:56:41,169  INFO [main] Base:56 - Available products:Belaz 75600 3D Mechanical Puzzle
Rs. 6,340
2021-11-22 13:56:41,233  INFO [main] Base:56 - Available products:Travel Pocket Diary
Rs. 199
2021-11-22 13:56:41,302  INFO [main] Base:56 - Available products:Little Hearts Greeting Card - Set of 3
Rs. 299
2021-11-22 13:56:41,379  INFO [main] Base:56 - Available products:Sea Shell & Mermaid Desk Organizer
Rs. 899
2021-11-22 13:56:41,442  INFO [main] Base:56 - Available products:Stainless Steel Bamboo Bottle
Rs. 999
2021-11-22 13:56:41,508  INFO [main] Base:56 - Available products:Floral Greeting Card - Set of 3 (Assorted Design)
Rs. 299
2021-11-22 13:56:41,594  INFO [main] Base:56 - Available products:Tractor Mechanical Model Kit
Rs. 6,420
2021-11-22 13:56:41,663  INFO [main] Base:56 - Available products:Trebuchet 3D Mechanical Puzzle
Rs. 3,390
2021-11-22 13:56:41,724  INFO [main] Base:56 - Available products:Dragonfly Fridge Magnet - Set of 2
Rs. 299
2021-11-22 13:56:41,804  INFO [main] Base:56 - Available products:Lemon Printed File Organizer
Rs. 499
2021-11-22 13:56:41,856  INFO [main] Base:56 - Available products:Mr. Crocodile Bookmark - Set of 2
Rs. 299
2021-11-22 13:56:41,912  INFO [main] Base:56 - Available products:Dreamcatcher Journal
Rs. 399
2021-11-22 13:56:41,975  INFO [main] Base:56 - Available products:Cassette Tape Bookmark
Rs. 350
2021-11-22 13:56:42,032  INFO [main] Base:56 - Available products:Artistic Sketch Book
Rs. 599
2021-11-22 13:56:42,121  INFO [main] Base:56 - Available products:Retro Boombox Bookmark
Rs. 350
2021-11-22 13:56:42,227  INFO [main] Base:56 - Available products:Dachshund Dog Magnets - Set of 6 magnets
1 review
Rs. 299
2021-11-22 13:56:42,318  INFO [main] Base:56 - Available products:Kitty Fridge Magnet - Set of 2
Rs. 299
2021-11-22 13:56:42,412  INFO [main] Base:56 - Available products:Robie The Robo Bookmark
Rs. 350
2021-11-22 13:56:42,530  INFO [main] Base:56 - Available products:Batman File Organizer
Rs. 499
2021-11-22 13:56:42,645  INFO [main] Base:56 - Available products:Sorting Hat File Keeper
Rs. 499
2021-11-22 13:56:42,763  INFO [main] Base:56 - Available products:Cartoon Superhero Keychain
Rs. 250
2021-11-22 13:56:42,905  INFO [main] Base:56 - Available products:Nativity Scene Mechanical Model
Rs. 1,240
2021-11-22 13:56:43,014  INFO [main] Base:56 - Available products:Naruto Chibi Action Figure - Set of 6
Rs. 4,500
2021-11-22 13:56:43,064  INFO [main] Base:56 - Available products:Dice Keeper 3D Puzzle
Rs. 1,330
2021-11-22 13:56:43,122  INFO [main] Base:56 - Available products:Friends Bobbleheads
Rs. 899
2021-11-22 13:56:43,190  INFO [main] Base:56 - Available products:Set of Rails with Crossing Model
Rs. 3,295
2021-11-22 13:56:43,244  INFO [main] Base:56 - Available products:Stagecoach Mechanical Model
Rs. 3,295
2021-11-22 13:56:43,297  INFO [main] Base:56 - Available products:Star & Moon Curtain LED Lights
Rs. 1,099
2021-11-22 13:56:43,353  INFO [main] Base:56 - Available products:Handmade Buddha Diary
Rs. 399
2021-11-22 13:56:43,399  INFO [main] Base:56 - Available products:3D Angel Wings Mug with Saucer
Rs. 999
2021-11-22 13:56:43,456  INFO [main] Base:56 - Available products:Batman Planner Tear-Off Pad With Magnet
Rs. 399
2021-11-22 13:56:43,520  INFO [main] Base:56 - Available products:3D Wooden Card Holder Model
Rs. 3,650
2021-11-22 13:56:43,582  INFO [main] Base:56 - Available products:Astro To-Do-List With Magnet
Rs. 399
2021-11-22 13:56:43,648  INFO [main] Base:56 - Available products:Harry Potter To-Do-List With Magnet
Rs. 399
2021-11-22 13:56:43,751  INFO [main] Base:56 - Available products:Antique Box Mechanical Model
Rs. 3,650
2021-11-22 13:56:43,840  INFO [main] Base:56 - Available products:Heavy Boy Truck Trailer VM-03 Mechanical Model
Rs. 2,670
2021-11-22 13:56:43,925  INFO [main] Base:56 - Available products:Shell Pearl Night Light
Rs. 1,299
2021-11-22 13:56:44,012  INFO [main] Base:56 - Available products:Sunset Projection Lamp
Rs. 899
2021-11-22 13:56:44,096  INFO [main] Base:56 - Available products:Rock On Stand
Rs. 1,499
2021-11-22 13:56:44,193  INFO [main] Base:56 - Available products:Glittery Bear Keychain
Rs. 250
2021-11-22 13:56:44,273  INFO [main] Base:56 - Available products:Truck UGM-11 Additions Mechanical Model - Set of 3
Rs. 6,330
2021-11-22 13:56:44,353  INFO [main] Base:56 - Available products:Metallic Globe Pendant with Miniature Binoculars
Rs. 399
2021-11-22 13:56:44,451  INFO [main] Base:56 - Available products:8-Piece Entertainment Serving Set
Rs. 2,999
2021-11-22 13:56:44,553  INFO [main] Base:56 - Available products:David Beckham Bobblehead
Rs. 599
2021-11-22 13:56:46,271  INFO [main] Base:70 - driver closed
2021-11-22 13:56:49,091  INFO [main] Base:33 - 
2021-11-22 13:56:56,001  INFO [main] Base:35 - Gifts Online - Send Unique, Unusual Gifts in India, Buy Gifts– Bigsmall.in
2021-11-22 13:56:56,013  INFO [main] Base:45 - Class Instantiated
2021-11-22 13:56:56,029  INFO [main] Base:48 - Hovering over a Dynamaic Dropdown
2021-11-22 13:57:01,147  INFO [main] Base:55 - Value Selected in dynamic DropDown
2021-11-22 13:57:01,257  INFO [main] Base:57 - Marvel Merchandise - Buy Official Marvel Merchandise Toys Online– Bigsmall.in
2021-11-22 13:57:06,845  INFO [main] Base:60 - Value selected in Sort dropdown
2021-11-22 13:57:07,382  INFO [main] Base:66 - Expected Value Matched
2021-11-22 13:57:12,839  INFO [main] Base:81 - driver closed
2021-11-22 13:57:15,670  INFO [main] Base:37 - 
2021-11-22 13:57:22,932  INFO [main] Base:39 - Gifts Online - Send Unique, Unusual Gifts in India, Buy Gifts– Bigsmall.in
2021-11-22 13:57:22,943  INFO [main] Base:52 - Class Instatiated
2021-11-22 13:57:23,080  INFO [main] Base:57 - Number of links present in the page are99
2021-11-22 13:57:24,546  INFO [main] Base:67 - All Links without dropdown are opened
2021-11-22 13:57:24,556  INFO [main] Base:72 - Handling Multiple Windows
2021-11-22 13:57:24,557  INFO [main] Base:80 - Parent Window
2021-11-22 13:57:24,571  INFO [main] Base:82 - Switched to Parent Window
2021-11-22 13:57:24,633  INFO [main] Base:84 - Header Section Displayed
2021-11-22 13:57:24,634  INFO [main] Base:87 - Child Window1
2021-11-22 13:57:24,653  INFO [main] Base:89 - Switched to Child1 Window
2021-11-22 13:57:31,630  INFO [main] Base:93 - Product displayed in Buy Most Popular Gifts Online - The Most Popular Gift Ideas [2021]– Bigsmall.in Child Window
2021-11-22 13:57:31,650  INFO [main] Base:96 - Child Window2
2021-11-22 13:57:31,690  INFO [main] Base:98 - Switched to Child2 Window
2021-11-22 13:57:32,747  INFO [main] Base:102 - Product displayed in Secret Santa Gifts - Secret Santa Gift Ideas– Bigsmall.in Child Window
2021-11-22 13:57:32,788  INFO [main] Base:105 - Child Window3
2021-11-22 13:57:32,815  INFO [main] Base:107 - Switched to Child3 Window
2021-11-22 13:57:33,342  INFO [main] Base:111 - Product displayed in Christmas Gifts Online (2021) - Unique Christmas Gift, Secret Santa Gifts– Bigsmall.in Child Window
2021-11-22 13:57:33,351  INFO [main] Base:114 - Child Window4
2021-11-22 13:57:33,375  INFO [main] Base:116 - Switched to Child4 Window
2021-11-22 13:57:33,901  INFO [main] Base:120 - Product displayed in New Unique Gift Online [2021] - Buy/Send Latest, Quirky Unusual Gifts– Bigsmall.in Child Window
2021-11-22 13:57:33,930  INFO [main] Base:124 - Child Window5
2021-11-22 13:57:33,960  INFO [main] Base:126 - Switched to Child5 Window
2021-11-22 13:57:34,475  INFO [main] Base:130 - Product displayed in Personalized Gifts - Buy Unique Customized Gift Online in India [2021]– Bigsmall.in Child Window
2021-11-22 13:57:35,279  INFO [main] Base:146 - driver closed
2021-11-22 13:57:36,688  INFO [main] Base:149 - driver quit
2021-11-22 13:57:39,703  INFO [main] Base:30 - 
2021-11-22 13:57:47,397  INFO [main] Base:32 - Gifts Online - Send Unique, Unusual Gifts in India, Buy Gifts– Bigsmall.in
2021-11-22 13:57:47,402  INFO [main] Base:42 - Class Instantiated
2021-11-22 13:57:52,086  INFO [main] Base:45 - Clicked on GiftIcon
2021-11-22 13:57:52,823  INFO [main] Base:48 - Clicked on Price
2021-11-22 13:57:53,359  INFO [main] Base:54 - Clicked on pluss Button
2021-11-22 13:57:53,491  INFO [main] Base:57 - Clicked on addcart
2021-11-22 13:57:55,395  INFO [main] Base:60 - Clicked on continue shoping
2021-11-22 13:57:55,497  INFO [main] Base:64 - available phrase: Gift Card
2021-11-22 13:57:55,497 ERROR [main] Base:21 - Task Done
2021-11-22 13:57:56,606  INFO [main] Base:85 - driver closed
2021-11-22 13:57:59,496  INFO [main] Base:37 - 
2021-11-22 13:58:06,646  INFO [main] Base:39 - Gifts Online - Send Unique, Unusual Gifts in India, Buy Gifts– Bigsmall.in
2021-11-22 13:58:06,654  INFO [main] Base:51 - Class Instantiated
2021-11-22 13:58:06,756  INFO [main] Base:56 - TOtal number of links are:5
2021-11-22 13:58:08,557  INFO [main] Base:65 - Gifts Online - Send Unique, Unusual Gifts in India, Buy Gifts– Bigsmall.in
2021-11-22 13:58:08,565  INFO [main] Base:70 - Handling Multiple Windows
2021-11-22 13:58:08,566  INFO [main] Base:77 - Parent Window
2021-11-22 13:58:08,666  INFO [main] Base:80 - Parent Window Opened
2021-11-22 13:58:08,666  INFO [main] Base:82 - Parent window Text Asserted
2021-11-22 13:58:08,667  INFO [main] Base:85 - Child Window1
2021-11-22 13:58:08,701  INFO [main] Base:87 - Child1 Window Opened
2021-11-22 13:58:16,352  INFO [main] Base:93 - Product displayed in Disney Merchandise - Buy Official Disney Merchandise Toys Online[2021]– Bigsmall.in Child Window
2021-11-22 13:58:16,380  INFO [main] Base:97 - Child Window2
2021-11-22 13:58:16,430  INFO [main] Base:99 - 2Child Window Opened
2021-11-22 13:58:18,700  INFO [main] Base:105 - Product displayed in Official Funko POP Merchandise - Gift For Funko Pop Action Figures Fan– Bigsmall.in Child Window
2021-11-22 13:58:18,871  INFO [main] Base:109 - Child Window3
2021-11-22 13:58:18,924  INFO [main] Base:111 - 3Child Window Opened
2021-11-22 13:58:20,350  INFO [main] Base:117 - Product displayed in Marvel Merchandise - Buy Official Marvel Merchandise Toys Online– Bigsmall.in Child Window
2021-11-22 13:58:20,399  INFO [main] Base:121 - Child Window3
2021-11-22 13:58:20,446  INFO [main] Base:123 - 4Child Window Opened
2021-11-22 13:58:20,983  INFO [main] Base:129 - Product displayed in Harry Potter Merchandise - Buy Harry Potter Gifts Online in India– Bigsmall.in Child Window
2021-11-22 13:58:23,210  INFO [main] Base:147 - driver closed
